<?xml version="1.0" ?>
<testsuite name="pelago_test-20210704012752" tests="8" time="1.318" failures="0" errors="0">
	<testcase classname="pelago_test" name="test_json_schema_pelagoerror_response" time="0.224"/>
	<testcase classname="pelago_test" name="test_json_schema_product_response" time="0.160"/>
	<testcase classname="pelago_test" name="test_json_schema_query_error" time="0.160"/>
	<testcase classname="pelago_test" name="test_send_empty_query" time="0.141"/>
	<testcase classname="pelago_test" name="test_status_code_200" time="0.165"/>
	<testcase classname="pelago_test" name="test_status_code_400" time="0.156"/>
	<testcase classname="pelago_test" name="test_wrong_URL" time="0.140"/>
	<testcase classname="pelago_test" name="test_wrong_productID" time="0.173"/>
	<system-out><![CDATA[]]></system-out>
	<system-err><![CDATA[]]></system-err>
</testsuite>
